[I 14:41:37.247 NotebookApp] [jupyter_nbextensions_configurator] enabled 0.4.1
[I 14:41:37.247 NotebookApp] Serving notebooks from local directory: /Users/wenbin/Desktop/Unimelb_courses/MATH90105_Statistics/MAST90105-R-Review
[I 14:41:37.247 NotebookApp] The Jupyter Notebook is running at:
[I 14:41:37.247 NotebookApp] http://localhost:8888/?token=3f533cea22f3087e18025b6948eaba10a10fc897e6823b8d
[I 14:41:37.247 NotebookApp] Use Control-C to stop this server and shut down all kernels (twice to skip confirmation).
[C 14:41:37.254 NotebookApp] 
    
    To access the notebook, open this file in a browser:
        file:///Users/wenbin/Library/Jupyter/runtime/nbserver-63582-open.html
    Or copy and paste one of these URLs:
        http://localhost:8888/?token=3f533cea22f3087e18025b6948eaba10a10fc897e6823b8d
[I 14:41:42.973 NotebookApp] Kernel started: 409bb2ea-6615-47b0-92a8-5ee0116ac6d6
[W 14:41:43.312 NotebookApp] 404 GET /nbextensions/widgets/notebook/js/extension.js?v=20190616144136 (::1) 12.27ms referer=http://localhost:8888/notebooks/R_Review.ipynb
[I 14:41:43.699 NotebookApp] Adapting to protocol v5.0 for kernel 409bb2ea-6615-47b0-92a8-5ee0116ac6d6
[I 14:43:42.955 NotebookApp] Saving file at /R_Review.ipynb
[I 14:43:45.146 NotebookApp] Saving file at /R_Review.ipynb
[I 14:43:45.400 NotebookApp] Saving file at /R_Review.ipynb
[I 14:43:45.773 NotebookApp] Saving file at /R_Review.ipynb
[I 14:43:57.003 NotebookApp] Saving file at /R_Review.ipynb
[I 14:45:42.955 NotebookApp] Saving file at /R_Review.ipynb
[I 14:47:42.955 NotebookApp] Saving file at /R_Review.ipynb
[I 14:49:42.965 NotebookApp] Saving file at /R_Review.ipynb
[I 14:51:42.967 NotebookApp] Saving file at /R_Review.ipynb
[I 14:55:42.985 NotebookApp] Saving file at /R_Review.ipynb
[I 14:57:42.960 NotebookApp] Saving file at /R_Review.ipynb
[I 14:59:42.967 NotebookApp] Saving file at /R_Review.ipynb
[I 15:01:42.963 NotebookApp] Saving file at /R_Review.ipynb
[I 15:02:48.302 NotebookApp] Saving file at /R_Review.ipynb
[I 15:03:29.774 NotebookApp] Saving file at /R_Review.ipynb
[I 15:04:11.658 NotebookApp] Saving file at /R_Review.ipynb
[I 15:04:11.821 NotebookApp] Saving file at /R_Review.ipynb
[I 15:04:11.969 NotebookApp] Saving file at /R_Review.ipynb
[I 15:04:41.928 NotebookApp] Starting buffering for 409bb2ea-6615-47b0-92a8-5ee0116ac6d6:52987cd8bd74423b8cd0a52a26409778
[I 15:04:42.045 NotebookApp] Kernel restarted: 409bb2ea-6615-47b0-92a8-5ee0116ac6d6
[I 15:04:42.706 NotebookApp] Adapting to protocol v5.0 for kernel 409bb2ea-6615-47b0-92a8-5ee0116ac6d6
[I 15:04:42.707 NotebookApp] Restoring connection for 409bb2ea-6615-47b0-92a8-5ee0116ac6d6:52987cd8bd74423b8cd0a52a26409778
[I 15:04:42.707 NotebookApp] Replaying 2 buffered messages
[I 15:04:45.645 NotebookApp] Starting buffering for 409bb2ea-6615-47b0-92a8-5ee0116ac6d6:52987cd8bd74423b8cd0a52a26409778
[I 15:04:45.758 NotebookApp] Kernel restarted: 409bb2ea-6615-47b0-92a8-5ee0116ac6d6
[I 15:04:46.366 NotebookApp] Adapting to protocol v5.0 for kernel 409bb2ea-6615-47b0-92a8-5ee0116ac6d6
[I 15:04:46.367 NotebookApp] Restoring connection for 409bb2ea-6615-47b0-92a8-5ee0116ac6d6:52987cd8bd74423b8cd0a52a26409778
[I 15:05:09.156 NotebookApp] Saving file at /R_Review.ipynb
[I 15:15:42.963 NotebookApp] Saving file at /R_Review.ipynb
[I 15:16:27.981 NotebookApp] Saving file at /R_Review.ipynb
[I 15:17:42.962 NotebookApp] Saving file at /R_Review.ipynb
[I 15:18:24.106 NotebookApp] Saving file at /R_Review.ipynb
[I 15:18:24.290 NotebookApp] Saving file at /R_Review.ipynb
[I 15:18:24.406 NotebookApp] Saving file at /R_Review.ipynb
[I 15:19:17.314 NotebookApp] Saving file at /R_Review.ipynb
[I 15:21:42.967 NotebookApp] Saving file at /R_Review.ipynb
[I 15:23:43.332 NotebookApp] Saving file at /R_Review.ipynb
[I 15:25:42.965 NotebookApp] Saving file at /R_Review.ipynb
[I 15:27:42.968 NotebookApp] Saving file at /R_Review.ipynb
[I 15:29:42.966 NotebookApp] Saving file at /R_Review.ipynb
[I 15:31:42.963 NotebookApp] Saving file at /R_Review.ipynb
[I 15:33:44.587 NotebookApp] Saving file at /R_Review.ipynb
[I 15:35:42.967 NotebookApp] Saving file at /R_Review.ipynb
[I 15:37:42.970 NotebookApp] Saving file at /R_Review.ipynb
[I 15:39:42.977 NotebookApp] Saving file at /R_Review.ipynb
[I 15:41:43.162 NotebookApp] Saving file at /R_Review.ipynb
[I 15:43:43.241 NotebookApp] Saving file at /R_Review.ipynb
[I 15:44:16.074 NotebookApp] Saving file at /R_Review.ipynb
[I 15:44:16.442 NotebookApp] Saving file at /R_Review.ipynb
[I 15:44:16.625 NotebookApp] Saving file at /R_Review.ipynb
[I 15:44:17.121 NotebookApp] Saving file at /R_Review.ipynb
[I 15:44:17.260 NotebookApp] Saving file at /R_Review.ipynb
[I 15:44:17.622 NotebookApp] Saving file at /R_Review.ipynb
[I 15:44:17.772 NotebookApp] Saving file at /R_Review.ipynb
[I 15:45:42.976 NotebookApp] Saving file at /R_Review.ipynb
[I 15:46:01.005 NotebookApp] Saving file at /R_Review.ipynb
[I 15:47:42.960 NotebookApp] Saving file at /R_Review.ipynb
[I 15:48:03.393 NotebookApp] Saving file at /R_Review.ipynb
[I 15:48:21.862 NotebookApp] Saving file at /R_Review.ipynb
[I 15:48:48.421 NotebookApp] Saving file at /R_Review.ipynb
[I 15:48:48.583 NotebookApp] Saving file at /R_Review.ipynb
[I 15:48:48.726 NotebookApp] Saving file at /R_Review.ipynb
[I 15:48:48.885 NotebookApp] Saving file at /R_Review.ipynb
[I 15:49:24.385 NotebookApp] Saving file at /R_Review.ipynb
[I 15:51:42.962 NotebookApp] Saving file at /R_Review.ipynb
[I 15:52:42.185 NotebookApp] Saving file at /R_Review.ipynb
[I 15:52:42.380 NotebookApp] Saving file at /R_Review.ipynb
[I 15:52:42.526 NotebookApp] Saving file at /R_Review.ipynb
[I 15:52:42.668 NotebookApp] Saving file at /R_Review.ipynb
[I 15:53:42.962 NotebookApp] Saving file at /R_Review.ipynb
trying URL 'https://cran.r-project.org/bin/macosx/el-capitan/contrib/3.5/MASS_7.3-51.4.tgz'
Content type 'application/x-gzip' length 1163710 bytes (1.1 MB)
========[I 15:55:42.960 NotebookApp] Saving file at /R_Review.ipynb
==========================================
downloaded 1.1 MB

[I 15:57:42.962 NotebookApp] Saving file at /R_Review.ipynb
[I 15:58:47.136 NotebookApp] Saving file at /R_Review.ipynb
[I 15:59:42.960 NotebookApp] Saving file at /R_Review.ipynb
[I 16:01:42.962 NotebookApp] Saving file at /R_Review.ipynb
[I 16:03:42.986 NotebookApp] Saving file at /R_Review.ipynb
[I 16:05:42.326 NotebookApp] Saving file at /R_Review.ipynb
[I 16:07:42.966 NotebookApp] Saving file at /R_Review.ipynb
[I 16:07:45.542 NotebookApp] Saving file at /R_Review.ipynb
[I 16:07:45.872 NotebookApp] Saving file at /R_Review.ipynb
[I 16:07:46.064 NotebookApp] Saving file at /R_Review.ipynb
[I 16:07:53.049 NotebookApp] Saving file at /R_Review.ipynb
[I 16:08:03.604 NotebookApp] Saving file at /R_Review.ipynb
[I 16:09:42.964 NotebookApp] Saving file at /R_Review.ipynb
[I 16:10:34.300 NotebookApp] Saving file at /R_Review.ipynb
[I 16:10:34.587 NotebookApp] Saving file at /R_Review.ipynb
[I 16:10:34.745 NotebookApp] Saving file at /R_Review.ipynb
[I 16:12:50.678 NotebookApp] Saving file at /R_Review.ipynb
[I 16:12:51.542 NotebookApp] Saving file at /R_Review.ipynb
[W 16:12:56.872 NotebookApp] Notebook R_Review.ipynb is not trusted
[W 16:13:32.655 NotebookApp] Notebook R_Review.ipynb is not trusted
[E 16:13:32.966 NotebookApp] nbconvert failed: Pandoc wasn't found.
    Please check that pandoc is installed:
    http://pandoc.org/installing.html
    Traceback (most recent call last):
      File "/usr/local/lib/python3.6/site-packages/notebook/nbconvert/handlers.py", line 130, in get
        resources=resource_dict
      File "/Users/wenbin/Library/Python/3.6/lib/python/site-packages/nbconvert/exporters/pdf.py", line 162, in from_notebook_node
        nb, resources=resources, **kw
      File "/Users/wenbin/Library/Python/3.6/lib/python/site-packages/nbconvert/exporters/latex.py", line 82, in from_notebook_node
        return super(LatexExporter, self).from_notebook_node(nb, resources, **kw)
      File "/Users/wenbin/Library/Python/3.6/lib/python/site-packages/nbconvert/exporters/templateexporter.py", line 295, in from_notebook_node
        output = self.template.render(nb=nb_copy, resources=resources)
      File "/Users/wenbin/Library/Python/3.6/lib/python/site-packages/jinja2/asyncsupport.py", line 76, in render
        return original_render(self, *args, **kwargs)
      File "/Users/wenbin/Library/Python/3.6/lib/python/site-packages/jinja2/environment.py", line 1008, in render
        return self.environment.handle_exception(exc_info, True)
      File "/Users/wenbin/Library/Python/3.6/lib/python/site-packages/jinja2/environment.py", line 780, in handle_exception
        reraise(exc_type, exc_value, tb)
      File "/Users/wenbin/Library/Python/3.6/lib/python/site-packages/jinja2/_compat.py", line 37, in reraise
        raise value.with_traceback(tb)
      File "/Users/wenbin/Library/Python/3.6/lib/python/site-packages/nbconvert/exporters/../templates/latex/article.tplx", line 8, in top-level template code
        ((* extends cell_style *))
      File "/Users/wenbin/Library/Python/3.6/lib/python/site-packages/nbconvert/exporters/../templates/latex/style_ipython.tplx", line 60, in top-level template code
        ((( text | add_prompts(first='{\color{' ~ prompt_color ~ '}' ~ prompt ~ '[{\\color{' ~ prompt_color ~ '}' ~ execution_count ~ '}]:} ', cont=indention) )))
      File "/Users/wenbin/Library/Python/3.6/lib/python/site-packages/nbconvert/exporters/../templates/latex/base.tplx", line 6, in top-level template code
        ((*- extends 'document_contents.tplx' -*))
      File "/Users/wenbin/Library/Python/3.6/lib/python/site-packages/nbconvert/exporters/../templates/latex/document_contents.tplx", line 50, in top-level template code
        ((*- block figure scoped -*))
      File "/Users/wenbin/Library/Python/3.6/lib/python/site-packages/nbconvert/exporters/../templates/latex/skeleton/display_priority.tplx", line 5, in top-level template code
        ((*- extends 'null.tplx' -*))
      File "/Users/wenbin/Library/Python/3.6/lib/python/site-packages/nbconvert/exporters/../templates/latex/skeleton/null.tplx", line 30, in top-level template code
        ((*- block body -*))
      File "/Users/wenbin/Library/Python/3.6/lib/python/site-packages/nbconvert/exporters/../templates/latex/base.tplx", line 173, in block "body"
        ((( super() )))
      File "/Users/wenbin/Library/Python/3.6/lib/python/site-packages/nbconvert/exporters/../templates/latex/skeleton/null.tplx", line 32, in block "body"
        ((*- block any_cell scoped -*))
      File "/Users/wenbin/Library/Python/3.6/lib/python/site-packages/nbconvert/exporters/../templates/latex/skeleton/null.tplx", line 85, in block "any_cell"
        ((*- block markdowncell scoped-*)) ((*- endblock markdowncell -*))
      File "/Users/wenbin/Library/Python/3.6/lib/python/site-packages/nbconvert/exporters/../templates/latex/document_contents.tplx", line 67, in block "markdowncell"
        ((( cell.source | citation2latex | strip_files_prefix | convert_pandoc('markdown+tex_math_double_backslash', 'json',extra_args=[]) | resolve_references | convert_pandoc('json','latex'))))
      File "/Users/wenbin/Library/Python/3.6/lib/python/site-packages/nbconvert/filters/pandoc.py", line 26, in convert_pandoc
        return pandoc(source, from_format, to_format, extra_args=extra_args)
      File "/Users/wenbin/Library/Python/3.6/lib/python/site-packages/nbconvert/utils/pandoc.py", line 51, in pandoc
        check_pandoc_version()
      File "/Users/wenbin/Library/Python/3.6/lib/python/site-packages/nbconvert/utils/pandoc.py", line 96, in check_pandoc_version
        v = get_pandoc_version()
      File "/Users/wenbin/Library/Python/3.6/lib/python/site-packages/nbconvert/utils/pandoc.py", line 76, in get_pandoc_version
        raise PandocMissing()
    nbconvert.utils.pandoc.PandocMissing: Pandoc wasn't found.
    Please check that pandoc is installed:
    http://pandoc.org/installing.html
[W 16:13:32.977 NotebookApp] 500 GET /nbconvert/pdf/R_Review.ipynb?download=true (::1): nbconvert failed: Pandoc wasn't found.
    Please check that pandoc is installed:
    http://pandoc.org/installing.html
[E 16:13:32.979 NotebookApp] {
      "Host": "localhost:8888",
      "Connection": "keep-alive",
      "Upgrade-Insecure-Requests": "1",
      "User-Agent": "Mozilla/5.0 (Macintosh; Intel Mac OS X 10_14_3) AppleWebKit/537.36 (KHTML, like Gecko) Chrome/74.0.3729.169 Safari/537.36",
      "Accept": "text/html,application/xhtml+xml,application/xml;q=0.9,image/webp,image/apng,*/*;q=0.8,application/signed-exchange;v=b3",
      "Referer": "http://localhost:8888/notebooks/R_Review.ipynb",
      "Accept-Encoding": "gzip, deflate, br",
      "Accept-Language": "zh-CN,zh;q=0.9,en;q=0.8,zh-TW;q=0.7",
      "Cookie": "username-localhost-8890=\"2|1:0|10:1558432149|23:username-localhost-8890|44:OWZmM2VhYTlhYTM0NGZjODgwODBiNzIzMzJmMWJjYTY=|6d2b108f076276c43b3a0f2ef2d18b8cffa9db5a1d150ccd0fdeabff6f13ecce\"; username-localhost-8889=\"2|1:0|10:1558526645|23:username-localhost-8889|44:MWY2ZWU4ZmUzZjYxNGM1MGE5ODgyODVlMTE0MzRmZTA=|39588ada0ab6d8dd6166eeff9ca30736b7a860f33336406f9c3e8cf31b07e0ce\"; _xsrf=2|b76b87c1|80b41271773d63f2ee49bdf05de5bcae|1560655192; username-localhost-8888=\"2|1:0|10:1560660098|23:username-localhost-8888|44:MTY5MDlhNGRlMGQ5NGI5YWFhMjZjN2M2OGNmNzBmZGY=|294eb21949e5295cb55417b8a833a1f9c7521f56f181aab40eabbaeb9646a899\""
    }
[E 16:13:32.979 NotebookApp] 500 GET /nbconvert/pdf/R_Review.ipynb?download=true (::1) 369.79ms referer=http://localhost:8888/notebooks/R_Review.ipynb
[W 16:13:51.475 NotebookApp] Notebook R_Review.ipynb is not trusted
[I 16:15:42.972 NotebookApp] Saving file at /R_Review.ipynb
[I 16:17:42.967 NotebookApp] Saving file at /R_Review.ipynb
[I 16:18:20.666 NotebookApp] Starting buffering for 409bb2ea-6615-47b0-92a8-5ee0116ac6d6:52987cd8bd74423b8cd0a52a26409778
[I 16:18:20.779 NotebookApp] Kernel restarted: 409bb2ea-6615-47b0-92a8-5ee0116ac6d6
[I 16:18:21.350 NotebookApp] Adapting to protocol v5.0 for kernel 409bb2ea-6615-47b0-92a8-5ee0116ac6d6
[I 16:18:21.351 NotebookApp] Restoring connection for 409bb2ea-6615-47b0-92a8-5ee0116ac6d6:52987cd8bd74423b8cd0a52a26409778
[I 16:18:31.865 NotebookApp] Saving file at /R_Review.ipynb
[W 16:18:32.017 NotebookApp] Notebook R_Review.ipynb is not trusted
[I 16:25:42.980 NotebookApp] Saving file at /R_Review.ipynb
[I 16:27:42.967 NotebookApp] Saving file at /R_Review.ipynb
[I 16:29:34.818 NotebookApp] Saving file at /R_Review.ipynb
[I 16:41:43.034 NotebookApp] Saving file at /R_Review.ipynb
[I 16:41:59.397 NotebookApp] Saving file at /R_Review.ipynb
[I 16:42:30.245 NotebookApp] Saving file at /R_Review.ipynb
[I 16:42:30.412 NotebookApp] Saving file at /R_Review.ipynb
[I 16:42:30.763 NotebookApp] Saving file at /R_Review.ipynb
[I 16:42:30.942 NotebookApp] Saving file at /R_Review.ipynb
[I 16:42:31.098 NotebookApp] Saving file at /R_Review.ipynb
[I 16:42:31.785 NotebookApp] Saving file at /R_Review.ipynb
[I 16:43:42.973 NotebookApp] Saving file at /R_Review.ipynb
[I 16:43:58.648 NotebookApp] Saving file at /R_Review.ipynb
[I 16:44:00.059 NotebookApp] Saving file at /R_Review.ipynb
[I 16:45:30.600 NotebookApp] Saving file at /R_Review.ipynb
[I 16:45:38.502 NotebookApp] Saving file at /R_Review.ipynb
[I 16:45:38.660 NotebookApp] Saving file at /R_Review.ipynb
[I 16:45:38.781 NotebookApp] Saving file at /R_Review.ipynb
[I 16:46:36.646 NotebookApp] Saving file at /R_Review.ipynb
[I 16:46:54.499 NotebookApp] Saving file at /R_Review.ipynb
[I 16:47:42.975 NotebookApp] Saving file at /R_Review.ipynb
[I 16:51:43.975 NotebookApp] Saving file at /R_Review.ipynb
[I 16:52:37.321 NotebookApp] Saving file at /R_Review.ipynb
[I 16:53:42.978 NotebookApp] Saving file at /R_Review.ipynb
[I 16:55:44.479 NotebookApp] Saving file at /R_Review.ipynb
[I 16:57:42.979 NotebookApp] Saving file at /R_Review.ipynb
[I 16:59:42.980 NotebookApp] Saving file at /R_Review.ipynb
[I 17:01:43.064 NotebookApp] Saving file at /R_Review.ipynb
[I 17:03:42.975 NotebookApp] Saving file at /R_Review.ipynb
[I 17:04:15.376 NotebookApp] Saving file at /R_Review.ipynb
[I 17:05:42.976 NotebookApp] Saving file at /R_Review.ipynb
[I 17:07:42.977 NotebookApp] Saving file at /R_Review.ipynb
[I 17:09:03.653 NotebookApp] Saving file at /R_Review.ipynb
[I 17:17:42.981 NotebookApp] Saving file at /R_Review.ipynb
[I 17:25:42.981 NotebookApp] Saving file at /R_Review.ipynb
[I 17:27:42.981 NotebookApp] Saving file at /R_Review.ipynb
[I 17:29:02.071 NotebookApp] Saving file at /R_Review.ipynb
[I 17:29:42.985 NotebookApp] Saving file at /R_Review.ipynb
[I 17:31:42.981 NotebookApp] Saving file at /R_Review.ipynb
[I 17:33:42.984 NotebookApp] Saving file at /R_Review.ipynb
[I 17:34:54.956 NotebookApp] Saving file at /R_Review.ipynb
[I 17:35:42.981 NotebookApp] Saving file at /R_Review.ipynb
[I 17:37:42.991 NotebookApp] Saving file at /R_Review.ipynb
[I 17:39:43.980 NotebookApp] Saving file at /R_Review.ipynb
[I 17:42:08.949 NotebookApp] Saving file at /R_Review.ipynb
[I 17:45:43.059 NotebookApp] Saving file at /R_Review.ipynb
[I 17:47:42.985 NotebookApp] Saving file at /R_Review.ipynb
[I 17:49:42.996 NotebookApp] Saving file at /R_Review.ipynb
[I 17:51:42.985 NotebookApp] Saving file at /R_Review.ipynb
[I 17:53:43.062 NotebookApp] Saving file at /R_Review.ipynb
[I 17:53:56.981 NotebookApp] Saving file at /R_Review.ipynb
[I 17:54:02.000 NotebookApp] Starting buffering for 409bb2ea-6615-47b0-92a8-5ee0116ac6d6:52987cd8bd74423b8cd0a52a26409778
[I 17:54:47.294 NotebookApp] 302 GET / (::1) 0.54ms
[W 17:54:49.846 NotebookApp] Notebook R_Review.ipynb is not trusted
[I 17:54:51.204 NotebookApp] Adapting to protocol v5.0 for kernel 409bb2ea-6615-47b0-92a8-5ee0116ac6d6
[W 17:54:51.927 NotebookApp] 404 GET /nbextensions/widgets/notebook/js/extension.js?v=20190616144136 (::1) 2.20ms referer=http://localhost:8888/notebooks/R_Review.ipynb
[W 17:55:12.940 NotebookApp] Notebook R_Review.ipynb is not trusted
[I 17:59:59.861 NotebookApp] Starting buffering for 409bb2ea-6615-47b0-92a8-5ee0116ac6d6:f209322b0a6c422785f4ecdf4218ccd6
[I 18:00:04.532 NotebookApp] Kernel shutdown: 409bb2ea-6615-47b0-92a8-5ee0116ac6d6
[W 11:26:36.367 NotebookApp] Notebook R_Review.ipynb is not trusted
[I 11:26:37.753 NotebookApp] Kernel started: aaf85b67-a48c-4343-bd48-c96812072d50
[W 11:26:38.431 NotebookApp] 404 GET /nbextensions/widgets/notebook/js/extension.js?v=20190616144136 (::1) 4.00ms referer=http://localhost:8888/notebooks/R_Review.ipynb
[I 11:26:38.476 NotebookApp] Adapting to protocol v5.0 for kernel aaf85b67-a48c-4343-bd48-c96812072d50
[I 11:30:38.028 NotebookApp] Saving file at /R_Review.ipynb
[W 11:30:38.030 NotebookApp] Notebook R_Review.ipynb is not trusted
[I 11:32:37.777 NotebookApp] Saving file at /R_Review.ipynb
[W 11:32:37.779 NotebookApp] Notebook R_Review.ipynb is not trusted
[I 11:34:37.774 NotebookApp] Saving file at /R_Review.ipynb
[W 11:34:37.776 NotebookApp] Notebook R_Review.ipynb is not trusted
[I 11:38:37.782 NotebookApp] Saving file at /R_Review.ipynb
[W 11:38:37.783 NotebookApp] Notebook R_Review.ipynb is not trusted
[I 11:40:37.487 NotebookApp] Saving file at /R_Review.ipynb
[W 11:40:37.488 NotebookApp] Notebook R_Review.ipynb is not trusted
[I 11:42:37.996 NotebookApp] Saving file at /R_Review.ipynb
[W 11:42:37.997 NotebookApp] Notebook R_Review.ipynb is not trusted
[I 11:44:38.046 NotebookApp] Saving file at /R_Review.ipynb
[W 11:44:38.050 NotebookApp] Notebook R_Review.ipynb is not trusted
[I 11:46:37.497 NotebookApp] Saving file at /R_Review.ipynb
[W 11:46:37.498 NotebookApp] Notebook R_Review.ipynb is not trusted
[I 11:46:47.336 NotebookApp] Saving file at /R_Review.ipynb
[W 11:46:47.338 NotebookApp] Notebook R_Review.ipynb is not trusted
[I 11:46:48.916 NotebookApp] Starting buffering for aaf85b67-a48c-4343-bd48-c96812072d50:b473b50ba63a41e0855c409774c95a27
[I 11:46:51.393 NotebookApp] Kernel shutdown: aaf85b67-a48c-4343-bd48-c96812072d50
[W 11:46:54.092 NotebookApp] Notebook R_Review.ipynb is not trusted
[I 11:46:55.591 NotebookApp] Kernel started: a461a759-b114-4453-b5eb-e7bd9ea11612
[I 11:46:56.194 NotebookApp] Adapting to protocol v5.0 for kernel a461a759-b114-4453-b5eb-e7bd9ea11612
[W 11:46:56.263 NotebookApp] 404 GET /nbextensions/widgets/notebook/js/extension.js?v=20190616144136 (::1) 3.23ms referer=http://localhost:8888/notebooks/R_Review.ipynb
[I 11:46:59.876 NotebookApp] Starting buffering for a461a759-b114-4453-b5eb-e7bd9ea11612:8f1415dfff204ff68b44cdd494acb949
[I 11:46:59.992 NotebookApp] Kernel restarted: a461a759-b114-4453-b5eb-e7bd9ea11612
[I 11:47:00.712 NotebookApp] Adapting to protocol v5.0 for kernel a461a759-b114-4453-b5eb-e7bd9ea11612
[I 11:47:00.712 NotebookApp] Restoring connection for a461a759-b114-4453-b5eb-e7bd9ea11612:8f1415dfff204ff68b44cdd494acb949
[I 11:47:00.713 NotebookApp] Replaying 2 buffered messages
[I 11:47:29.162 NotebookApp] Saving file at /R_Review.ipynb
[I 11:47:29.257 NotebookApp] Starting buffering for a461a759-b114-4453-b5eb-e7bd9ea11612:8f1415dfff204ff68b44cdd494acb949
[I 11:47:30.947 NotebookApp] Adapting to protocol v5.0 for kernel a461a759-b114-4453-b5eb-e7bd9ea11612
[W 11:47:31.894 NotebookApp] 404 GET /nbextensions/widgets/notebook/js/extension.js?v=20190616144136 (::1) 2.08ms referer=http://localhost:8888/notebooks/R_Review.ipynb
[I 11:49:30.849 NotebookApp] Saving file at /R_Review.ipynb
[I 11:50:03.698 NotebookApp] Starting buffering for a461a759-b114-4453-b5eb-e7bd9ea11612:a8d505b5c8b0429c983d298ab08f9472
[W 11:50:08.468 NotebookApp] 404 GET /nbextensions/widgets/notebook/js/extension.js?v=20190616144136 (::1) 2.35ms referer=http://localhost:8888/notebooks/R_Review.ipynb
[I 11:50:08.601 NotebookApp] Adapting to protocol v5.0 for kernel a461a759-b114-4453-b5eb-e7bd9ea11612
[I 11:50:26.271 NotebookApp] Starting buffering for a461a759-b114-4453-b5eb-e7bd9ea11612:4973326d6f8b486d80ae10fc8b6cb138
[I 11:50:26.385 NotebookApp] Kernel restarted: a461a759-b114-4453-b5eb-e7bd9ea11612
[I 11:50:27.054 NotebookApp] Adapting to protocol v5.0 for kernel a461a759-b114-4453-b5eb-e7bd9ea11612
[I 11:50:27.055 NotebookApp] Restoring connection for a461a759-b114-4453-b5eb-e7bd9ea11612:4973326d6f8b486d80ae10fc8b6cb138
[I 11:50:40.267 NotebookApp] Starting buffering for a461a759-b114-4453-b5eb-e7bd9ea11612:4973326d6f8b486d80ae10fc8b6cb138
[I 11:50:40.380 NotebookApp] Kernel restarted: a461a759-b114-4453-b5eb-e7bd9ea11612
[I 11:50:41.073 NotebookApp] Adapting to protocol v5.0 for kernel a461a759-b114-4453-b5eb-e7bd9ea11612
[I 11:50:41.074 NotebookApp] Restoring connection for a461a759-b114-4453-b5eb-e7bd9ea11612:4973326d6f8b486d80ae10fc8b6cb138
[I 11:50:41.074 NotebookApp] Replaying 2 buffered messages
[I 11:50:46.904 NotebookApp] Starting buffering for a461a759-b114-4453-b5eb-e7bd9ea11612:4973326d6f8b486d80ae10fc8b6cb138
[I 11:50:47.018 NotebookApp] Kernel restarted: a461a759-b114-4453-b5eb-e7bd9ea11612
[I 11:50:47.641 NotebookApp] Adapting to protocol v5.0 for kernel a461a759-b114-4453-b5eb-e7bd9ea11612
[I 11:50:47.642 NotebookApp] Restoring connection for a461a759-b114-4453-b5eb-e7bd9ea11612:4973326d6f8b486d80ae10fc8b6cb138
[I 11:50:55.632 NotebookApp] Saving file at /R_Review.ipynb
[I 11:50:55.724 NotebookApp] Starting buffering for a461a759-b114-4453-b5eb-e7bd9ea11612:4973326d6f8b486d80ae10fc8b6cb138
[I 11:50:57.265 NotebookApp] Adapting to protocol v5.0 for kernel a461a759-b114-4453-b5eb-e7bd9ea11612
[W 11:50:58.187 NotebookApp] 404 GET /nbextensions/widgets/notebook/js/extension.js?v=20190616144136 (::1) 3.52ms referer=http://localhost:8888/notebooks/R_Review.ipynb
[I 11:52:57.775 NotebookApp] Saving file at /R_Review.ipynb
[I 11:54:57.767 NotebookApp] Saving file at /R_Review.ipynb
[I 11:56:57.185 NotebookApp] Saving file at /R_Review.ipynb
[I 11:58:57.151 NotebookApp] Saving file at /R_Review.ipynb
[I 11:59:36.285 NotebookApp] Starting buffering for a461a759-b114-4453-b5eb-e7bd9ea11612:cc0ae2f8e1164726a8fbadbfcf1710b0
[I 11:59:36.401 NotebookApp] Kernel restarted: a461a759-b114-4453-b5eb-e7bd9ea11612
[I 11:59:37.031 NotebookApp] Adapting to protocol v5.0 for kernel a461a759-b114-4453-b5eb-e7bd9ea11612
[I 11:59:37.033 NotebookApp] Restoring connection for a461a759-b114-4453-b5eb-e7bd9ea11612:cc0ae2f8e1164726a8fbadbfcf1710b0
[I 11:59:37.033 NotebookApp] Replaying 2 buffered messages
[I 12:00:57.156 NotebookApp] Saving file at /R_Review.ipynb
[I 12:02:57.152 NotebookApp] Saving file at /R_Review.ipynb
[I 12:04:57.154 NotebookApp] Saving file at /R_Review.ipynb
[I 12:06:49.306 NotebookApp] Saving file at /R_Review.ipynb
[I 12:06:50.898 NotebookApp] Starting buffering for a461a759-b114-4453-b5eb-e7bd9ea11612:cc0ae2f8e1164726a8fbadbfcf1710b0
[I 12:10:01.559 NotebookApp] Adapting to protocol v5.0 for kernel a461a759-b114-4453-b5eb-e7bd9ea11612
[W 12:10:02.079 NotebookApp] 404 GET /nbextensions/widgets/notebook/js/extension.js?v=20190616144136 (::1) 2.85ms referer=http://localhost:8888/notebooks/R_Review.ipynb
[I 12:12:02.512 NotebookApp] Saving file at /R_Review.ipynb
[I 12:12:18.138 NotebookApp] Starting buffering for a461a759-b114-4453-b5eb-e7bd9ea11612:ed6b9a555cab481d82f1d77987de1ef8
[I 12:12:20.162 NotebookApp] Adapting to protocol v5.0 for kernel a461a759-b114-4453-b5eb-e7bd9ea11612
[W 12:12:20.591 NotebookApp] 404 GET /nbextensions/widgets/notebook/js/extension.js?v=20190616144136 (::1) 2.41ms referer=http://localhost:8888/notebooks/R_Review.ipynb
[I 12:14:19.933 NotebookApp] Saving file at /R_Review.ipynb
[I 12:15:17.646 NotebookApp] Saving file at /R_Review.ipynb
[I 12:15:18.847 NotebookApp] Starting buffering for a461a759-b114-4453-b5eb-e7bd9ea11612:3aadb3fccd1548ac859312183e97b075
[I 12:15:23.611 NotebookApp] Adapting to protocol v5.0 for kernel a461a759-b114-4453-b5eb-e7bd9ea11612
[W 12:15:23.632 NotebookApp] 404 GET /nbextensions/widgets/notebook/js/extension.js?v=20190616144136 (::1) 2.61ms referer=http://localhost:8888/notebooks/R_Review.ipynb
[I 12:17:23.452 NotebookApp] Saving file at /R_Review.ipynb
[I 12:19:23.455 NotebookApp] Saving file at /R_Review.ipynb
[I 12:21:23.507 NotebookApp] Saving file at /R_Review.ipynb
[I 12:23:23.441 NotebookApp] Saving file at /R_Review.ipynb
[I 12:25:23.653 NotebookApp] Saving file at /R_Review.ipynb
[I 12:27:03.101 NotebookApp] Saving file at /R_Review.ipynb
[I 12:30:17.666 NotebookApp] Saving file at /R_Review.ipynb
[I 13:24:27.648 NotebookApp] Saving file at /R_Review.ipynb
[I 13:26:27.585 NotebookApp] Saving file at /R_Review.ipynb
[I 13:28:27.588 NotebookApp] Saving file at /R_Review.ipynb
[I 13:30:27.590 NotebookApp] Saving file at /R_Review.ipynb
[I 13:32:27.589 NotebookApp] Saving file at /R_Review.ipynb
[I 13:34:27.589 NotebookApp] Saving file at /R_Review.ipynb
[I 13:36:27.672 NotebookApp] Saving file at /R_Review.ipynb
[I 13:38:27.683 NotebookApp] Saving file at /R_Review.ipynb
[I 13:40:27.667 NotebookApp] Saving file at /R_Review.ipynb
[I 13:42:27.596 NotebookApp] Saving file at /R_Review.ipynb
[I 13:44:01.742 NotebookApp] Saving file at /R_Review.ipynb
[I 13:48:27.599 NotebookApp] Saving file at /R_Review.ipynb
[I 13:50:27.604 NotebookApp] Saving file at /R_Review.ipynb
trying URL 'https://cloud.r-project.org/bin/macosx/el-capitan/contrib/3.5/evd_2.3-3.tgz'
Content type 'application/x-gzip' length 1566802 bytes (1.5 MB)
==================================================
downloaded 1.5 MB

trying URL 'https://cloud.r-project.org/bin/macosx/el-capitan/contrib/3.5/evd_2.3-3.tgz'
Content type 'application/x-gzip' length 1566802 bytes (1.5 MB)
==================================================
downloaded 1.5 MB

[I 13:52:27.608 NotebookApp] Saving file at /R_Review.ipynb
[I 13:54:27.596 NotebookApp] Saving file at /R_Review.ipynb
[I 13:56:27.603 NotebookApp] Saving file at /R_Review.ipynb
[I 13:58:27.597 NotebookApp] Saving file at /R_Review.ipynb
[I 14:00:27.596 NotebookApp] Saving file at /R_Review.ipynb
[I 14:02:27.639 NotebookApp] Saving file at /R_Review.ipynb
[I 14:04:27.617 NotebookApp] Saving file at /R_Review.ipynb
[I 14:06:27.606 NotebookApp] Saving file at /R_Review.ipynb
[I 14:08:27.602 NotebookApp] Saving file at /R_Review.ipynb
[I 14:10:27.741 NotebookApp] Saving file at /R_Review.ipynb
[I 14:12:27.676 NotebookApp] Saving file at /R_Review.ipynb
[I 14:14:27.602 NotebookApp] Saving file at /R_Review.ipynb
[I 14:16:27.604 NotebookApp] Saving file at /R_Review.ipynb
[I 14:18:27.613 NotebookApp] Saving file at /R_Review.ipynb
[I 14:20:27.671 NotebookApp] Saving file at /R_Review.ipynb
[I 14:22:27.696 NotebookApp] Saving file at /R_Review.ipynb
[I 14:24:27.612 NotebookApp] Saving file at /R_Review.ipynb
[I 14:26:27.604 NotebookApp] Saving file at /R_Review.ipynb
[I 14:28:27.607 NotebookApp] Saving file at /R_Review.ipynb
[I 14:30:27.611 NotebookApp] Saving file at /R_Review.ipynb
[I 14:32:27.630 NotebookApp] Saving file at /R_Review.ipynb
[I 14:34:27.627 NotebookApp] Saving file at /R_Review.ipynb
[I 14:36:27.668 NotebookApp] Saving file at /R_Review.ipynb
[I 14:38:27.613 NotebookApp] Saving file at /R_Review.ipynb
[I 14:40:27.612 NotebookApp] Saving file at /R_Review.ipynb
[I 14:42:27.609 NotebookApp] Saving file at /R_Review.ipynb
[I 14:44:27.638 NotebookApp] Saving file at /R_Review.ipynb
[I 14:46:27.613 NotebookApp] Saving file at /R_Review.ipynb
[I 14:48:27.610 NotebookApp] Saving file at /R_Review.ipynb
[I 14:50:27.627 NotebookApp] Saving file at /R_Review.ipynb
[I 14:52:27.621 NotebookApp] Saving file at /R_Review.ipynb
[I 14:54:27.623 NotebookApp] Saving file at /R_Review.ipynb
[I 14:56:28.182 NotebookApp] Saving file at /R_Review.ipynb
[I 15:00:27.627 NotebookApp] Saving file at /R_Review.ipynb
[I 15:02:28.155 NotebookApp] Saving file at /R_Review.ipynb
[I 15:06:27.629 NotebookApp] Saving file at /R_Review.ipynb
[I 15:07:23.653 NotebookApp] Starting buffering for a461a759-b114-4453-b5eb-e7bd9ea11612:4f17229433fd44e1b3d7e7a52702a287
Warning messages:
1: In formals(fun) : argument is not a function
2: In formals(fun) : argument is not a function
[I 15:07:23.770 NotebookApp] Kernel restarted: a461a759-b114-4453-b5eb-e7bd9ea11612
[I 15:07:24.352 NotebookApp] Adapting to protocol v5.0 for kernel a461a759-b114-4453-b5eb-e7bd9ea11612
[I 15:07:24.353 NotebookApp] Restoring connection for a461a759-b114-4453-b5eb-e7bd9ea11612:4f17229433fd44e1b3d7e7a52702a287
[I 15:07:24.353 NotebookApp] Replaying 2 buffered messages
trying URL 'https://cloud.r-project.org/bin/macosx/el-capitan/contrib/3.5/evd_2.3-3.tgz'
Content type 'application/x-gzip' length 1566802 bytes (1.5 MB)
==================================================
downloaded 1.5 MB

[I 15:07:50.720 NotebookApp] Saving file at /R_Review.ipynb
[I 15:10:57.687 NotebookApp] Starting buffering for a461a759-b114-4453-b5eb-e7bd9ea11612:4f17229433fd44e1b3d7e7a52702a287
[W 15:10:58.256 NotebookApp] 404 GET /nbextensions/widgets/notebook/js/extension.js?v=20190616144136 (::1) 1.92ms referer=http://localhost:8888/notebooks/R_Review.ipynb
[I 15:11:00.711 NotebookApp] Adapting to protocol v5.0 for kernel a461a759-b114-4453-b5eb-e7bd9ea11612
[I 15:11:49.314 NotebookApp] Starting buffering for a461a759-b114-4453-b5eb-e7bd9ea11612:f293c95e284f459497674e08f75c4d89
[W 15:11:49.885 NotebookApp] 404 GET /nbextensions/widgets/notebook/js/extension.js?v=20190616144136 (::1) 1.89ms referer=http://localhost:8888/notebooks/R_Review.ipynb
[I 15:11:52.291 NotebookApp] Adapting to protocol v5.0 for kernel a461a759-b114-4453-b5eb-e7bd9ea11612
[I 15:12:26.034 NotebookApp] Starting buffering for a461a759-b114-4453-b5eb-e7bd9ea11612:345421e988b14037beba1f346c45ba97
[I 15:12:26.158 NotebookApp] Kernel restarted: a461a759-b114-4453-b5eb-e7bd9ea11612
[I 15:12:26.849 NotebookApp] Adapting to protocol v5.0 for kernel a461a759-b114-4453-b5eb-e7bd9ea11612
[I 15:12:26.850 NotebookApp] Restoring connection for a461a759-b114-4453-b5eb-e7bd9ea11612:345421e988b14037beba1f346c45ba97
[I 15:12:26.851 NotebookApp] Replaying 2 buffered messages
trying URL 'https://cloud.r-project.org/bin/macosx/el-capitan/contrib/3.5/evd_2.3-3.tgz'
Content type 'application/x-gzip' length 1566802 bytes (1.5 MB)
==================================================
downloaded 1.5 MB

[I 15:12:52.147 NotebookApp] Saving file at /R_Review.ipynb
[I 15:14:34.183 NotebookApp] Starting buffering for a461a759-b114-4453-b5eb-e7bd9ea11612:345421e988b14037beba1f346c45ba97
[W 15:14:34.837 NotebookApp] 404 GET /nbextensions/widgets/notebook/js/extension.js?v=20190616144136 (::1) 2.51ms referer=http://localhost:8888/notebooks/R_Review.ipynb
[I 15:14:37.408 NotebookApp] Adapting to protocol v5.0 for kernel a461a759-b114-4453-b5eb-e7bd9ea11612
[I 15:14:52.438 NotebookApp] Starting buffering for a461a759-b114-4453-b5eb-e7bd9ea11612:fd94440a32854f9a949727cbd840487b
[W 15:14:53.087 NotebookApp] 404 GET /nbextensions/widgets/notebook/js/extension.js?v=20190616144136 (::1) 3.14ms referer=http://localhost:8888/notebooks/R_Review.ipynb
[I 15:14:55.662 NotebookApp] Adapting to protocol v5.0 for kernel a461a759-b114-4453-b5eb-e7bd9ea11612
[I 15:15:00.097 NotebookApp] Starting buffering for a461a759-b114-4453-b5eb-e7bd9ea11612:091553630c434ad690e3526e59237719
[I 15:15:02.782 NotebookApp] Adapting to protocol v5.0 for kernel a461a759-b114-4453-b5eb-e7bd9ea11612
[W 15:15:02.862 NotebookApp] 404 GET /nbextensions/widgets/notebook/js/extension.js?v=20190616144136 (::1) 2.24ms referer=http://localhost:8888/notebooks/R_Review.ipynb
[I 15:16:03.217 NotebookApp] Starting buffering for a461a759-b114-4453-b5eb-e7bd9ea11612:023a6b4ad1c0427c84e371bda76a5d71
[W 15:16:03.925 NotebookApp] 404 GET /nbextensions/widgets/notebook/js/extension.js?v=20190616144136 (::1) 3.13ms referer=http://localhost:8888/notebooks/R_Review.ipynb
[I 15:16:06.238 NotebookApp] Adapting to protocol v5.0 for kernel a461a759-b114-4453-b5eb-e7bd9ea11612
[I 15:16:18.130 NotebookApp] Starting buffering for a461a759-b114-4453-b5eb-e7bd9ea11612:1b584cef9d2d45c18b05853a24a85ca9
[W 15:16:18.573 NotebookApp] 404 GET /nbextensions/widgets/notebook/js/extension.js?v=20190616144136 (::1) 2.14ms referer=http://localhost:8888/notebooks/R_Review.ipynb
[I 15:16:21.002 NotebookApp] Adapting to protocol v5.0 for kernel a461a759-b114-4453-b5eb-e7bd9ea11612
[I 15:16:37.415 NotebookApp] Starting buffering for a461a759-b114-4453-b5eb-e7bd9ea11612:80ff1e9239e34ac2b367f00987b0f626
[I 15:16:40.283 NotebookApp] Adapting to protocol v5.0 for kernel a461a759-b114-4453-b5eb-e7bd9ea11612
[W 15:16:40.370 NotebookApp] 404 GET /nbextensions/widgets/notebook/js/extension.js?v=20190616144136 (::1) 2.97ms referer=http://localhost:8888/notebooks/R_Review.ipynb
[I 15:17:59.422 NotebookApp] Saving file at /R_Review.ipynb
[I 15:19:03.267 NotebookApp] Starting buffering for a461a759-b114-4453-b5eb-e7bd9ea11612:5b7eb02ff5324ac28ea234152735c7a5
[W 15:19:03.980 NotebookApp] 404 GET /nbextensions/widgets/notebook/js/extension.js?v=20190616144136 (::1) 1.84ms referer=http://localhost:8888/notebooks/R_Review.ipynb
[I 15:19:06.191 NotebookApp] Adapting to protocol v5.0 for kernel a461a759-b114-4453-b5eb-e7bd9ea11612
